Arguments: 
  C:\Program Files\nodejs\node.exe C:\Users\blade\AppData\Roaming\npm\node_modules\yarn\bin\yarn.js add -d babel-preset-env

PATH: 
  C:\ProgramData\Oracle\Java\javapath;C:\Windows\system32;C:\Windows;C:\Windows\System32\Wbem;C:\Windows\System32\WindowsPowerShell\v1.0\;C:\Program Files\Git\cmd;C:\Program Files\MySQL\MySQL Utilities 1.6\;C:\Program Files\PuTTY\;C:\Program Files\nodejs\;C:\Program Files (x86)\Skype\Phone\;C:\Program Files (x86)\NVIDIA Corporation\PhysX\Common;C:\WINDOWS\system32;C:\WINDOWS;C:\WINDOWS\System32\Wbem;C:\WINDOWS\System32\WindowsPowerShell\v1.0\;C:\Users\blade\AppData\Local\Microsoft\WindowsApps;;C:\Program Files (x86)\Microsoft VS Code\bin;C:\Users\blade\AppData\Roaming\npm

Yarn version: 
  1.5.1

Node version: 
  8.3.0

Platform: 
  win32 x64

npm manifest: 
  {
    "name": "something",
    "version": "1.0.0",
    "description": "",
    "main": "entry.js",
    "scripts": {
      "wp": "webpack -w",
      "start": "nodemon entry.js"
    },
    "repository": {
      "type": "git",
      "url": "git+https://github.com/bladexbraker/Something.git"
    },
    "author": "blade",
    "license": "ISC",
    "bugs": {
      "url": "https://github.com/bladexbraker/Something/issues"
    },
    "homepage": "https://github.com/bladexbraker/Something#readme"
  }

yarn manifest: 
  No manifest

Lockfile: 
  No lockfile

Trace: 
  Error: Missing list of packages to add to your project.
      at new MessageError (C:\Users\blade\AppData\Roaming\npm\node_modules\yarn\lib\cli.js:186:110)
      at Object.<anonymous> (C:\Users\blade\AppData\Roaming\npm\node_modules\yarn\lib\cli.js:40587:13)
      at Generator.next (<anonymous>)
      at step (C:\Users\blade\AppData\Roaming\npm\node_modules\yarn\lib\cli.js:98:30)
      at C:\Users\blade\AppData\Roaming\npm\node_modules\yarn\lib\cli.js:116:14
      at Promise (<anonymous>)
      at F (C:\Users\blade\AppData\Roaming\npm\node_modules\yarn\lib\cli.js:23451:28)
      at Object.<anonymous> (C:\Users\blade\AppData\Roaming\npm\node_modules\yarn\lib\cli.js:95:12)
      at Object.run (C:\Users\blade\AppData\Roaming\npm\node_modules\yarn\lib\cli.js:40599:19)
      at run (C:\Users\blade\AppData\Roaming\npm\node_modules\yarn\lib\cli.js:89113:20)
